2026-05-31 19:38:48,596 - INFO - 🚀 Starting ingestion pipeline
2026-05-31 19:38:51,714 - ERROR - ngestion pipeline failed: Your default credentials were not found. To set up Application Default Credentials, see https://cloud.google.com/docs/authentication/external/set-up-adc for more information.
2026-05-31 20:20:14,320 - INFO - 🚀 Starting ingestion pipeline
2026-05-31 20:20:15,593 - INFO - Dataset bronze ready
2026-05-31 20:20:15,906 - INFO - Table raw_earthquakes ready
2026-05-31 20:20:16,432 - INFO - Response received successfully
2026-05-31 20:20:21,993 - INFO - ✅ Loaded 1 row to bronze
2026-05-31 20:20:21,993 - INFO - ✅ Pipeline completed successfully
2026-05-31 23:45:31,260 - INFO - 🚀 Starting ingestion pipeline
2026-05-31 23:45:53,821 - INFO - 🚀 Starting ingestion pipeline
2026-05-31 23:46:00,043 - INFO - 🚀 Starting ingestion pipeline
2026-05-31 23:46:03,255 - ERROR - ngestion pipeline failed: Your default credentials were not found. To set up Application Default Credentials, see https://cloud.google.com/docs/authentication/external/set-up-adc for more information.
2026-05-31 23:46:39,842 - INFO - 🚀 Starting ingestion pipeline
2026-05-31 23:46:42,836 - ERROR - ngestion pipeline failed: Your default credentials were not found. To set up Application Default Credentials, see https://cloud.google.com/docs/authentication/external/set-up-adc for more information.
2026-05-31 23:48:12,618 - INFO - 🚀 Starting ingestion pipeline
2026-05-31 23:48:13,864 - INFO - Dataset bronze ready
2026-05-31 23:48:14,194 - INFO - Table raw_earthquakes ready
2026-05-31 23:48:16,012 - INFO - Response received successfully
2026-05-31 23:48:27,658 - INFO - ✅ Loaded 1 row to bronze
2026-05-31 23:48:27,658 - INFO - ✅ Pipeline completed successfully
