[0m16:07:46.434449 [debug] [MainThread]: Sending event: {'category': 'dbt', 'action': 'invocation', 'label': 'start', 'context': [<snowplow_tracker.self_describing_json.SelfDescribingJson object at 0x0000020B0DA170E0>, <snowplow_tracker.self_describing_json.SelfDescribingJson object at 0x0000020B0D8ED7C0>, <snowplow_tracker.self_describing_json.SelfDescribingJson object at 0x0000020B0B4FF3B0>]}


============================== 16:07:46.450080 | fdc95101-677c-4a8f-b78d-d26312fe5b42 ==============================
[0m16:07:46.450080 [info ] [MainThread]: Running with dbt=1.11.11
[0m16:07:46.450080 [debug] [MainThread]: running dbt with arguments {'static_parser': 'True', 'no_print': 'None', 'version_check': 'True', 'warn_error_options': 'WarnErrorOptionsV2(error=[], warn=[], silence=[])', 'target_path': 'None', 'printer_width': '80', 'write_json': 'True', 'empty': 'None', 'log_cache_events': 'False', 'introspect': 'True', 'cache_selected_only': 'False', 'fail_fast': 'False', 'debug': 'False', 'log_format': 'default', 'partial_parse': 'True', 'send_anonymous_usage_stats': 'True', 'quiet': 'False', 'warn_error': 'None', 'profiles_dir': 'C:\\Users\\pc\\.dbt', 'indirect_selection': 'eager', 'invocation_command': 'dbt init dbt_earthquake_project', 'use_colors': 'True', 'use_experimental_parser': 'False', 'log_path': 'logs'}
[0m16:07:46.880697 [info ] [MainThread]: Creating dbt configuration folder at C:\Users\pc\.dbt
[0m16:07:46.884237 [debug] [MainThread]: Starter project path: C:\Users\pc\Documents\usgs-earthquake-pipeline-v2\.venv\Lib\site-packages\dbt\include\starter_project
[0m16:07:46.940107 [info ] [MainThread]: 
Your new dbt project "dbt_earthquake_project" was created!

For more information on how to configure the profiles.yml file,
please consult the dbt documentation here:

  https://docs.getdbt.com/docs/configure-your-profile

One more thing:

Need help? Don't hesitate to reach out to us via GitHub issues or on Slack:

  https://community.getdbt.com/

Happy modeling!

[0m16:07:46.941111 [info ] [MainThread]: Setting up your profile.
[0m16:16:56.761526 [info ] [MainThread]: Profile dbt_earthquake_project written to C:\Users\pc\.dbt\profiles.yml using target's profile_template.yml and your supplied values. Run 'dbt debug' to validate the connection.
[0m16:16:56.764579 [debug] [MainThread]: Command `dbt init` succeeded at 16:16:56.763524 after 550.56 seconds
[0m16:16:56.765525 [debug] [MainThread]: Sending event: {'category': 'dbt', 'action': 'invocation', 'label': 'end', 'context': [<snowplow_tracker.self_describing_json.SelfDescribingJson object at 0x0000020B0D6D1CA0>, <snowplow_tracker.self_describing_json.SelfDescribingJson object at 0x0000020B17D65D90>, <snowplow_tracker.self_describing_json.SelfDescribingJson object at 0x0000020B166CDC40>]}
[0m16:16:56.766525 [debug] [MainThread]: Flushing usage events
[0m16:16:57.365442 [debug] [MainThread]: An error was encountered while trying to flush usage events
[0m19:37:31.027502 [debug] [MainThread]: Sending event: {'category': 'dbt', 'action': 'invocation', 'label': 'start', 'context': [<snowplow_tracker.self_describing_json.SelfDescribingJson object at 0x0000027F4D322ED0>, <snowplow_tracker.self_describing_json.SelfDescribingJson object at 0x0000027F4F653950>, <snowplow_tracker.self_describing_json.SelfDescribingJson object at 0x0000027F4D8602C0>]}


============================== 19:37:31.043245 | 010be82c-7092-4ceb-92ef-812f9d33e5d9 ==============================
[0m19:37:31.043245 [info ] [MainThread]: Running with dbt=1.11.11
[0m19:37:31.043245 [debug] [MainThread]: running dbt with arguments {'static_parser': 'True', 'no_print': 'None', 'version_check': 'True', 'target_path': 'None', 'warn_error_options': 'WarnErrorOptionsV2(error=[], warn=[], silence=[])', 'printer_width': '80', 'write_json': 'True', 'introspect': 'True', 'log_cache_events': 'False', 'empty': 'None', 'cache_selected_only': 'False', 'log_format': 'default', 'debug': 'False', 'fail_fast': 'False', 'profiles_dir': 'C:\\Users\\pc\\.dbt', 'send_anonymous_usage_stats': 'True', 'quiet': 'False', 'warn_error': 'None', 'partial_parse': 'True', 'use_colors': 'True', 'indirect_selection': 'eager', 'invocation_command': 'dbt seed', 'use_experimental_parser': 'False', 'log_path': 'logs'}
[0m19:37:31.043245 [error] [MainThread]: Encountered an error:
Runtime Error
  No dbt_project.yml found at expected path C:\Users\pc\Documents\usgs-earthquake-pipeline-v2\dbt_project.yml
  Verify that each entry within packages.yml (and their transitive dependencies) contains a file named dbt_project.yml
  
[0m19:37:31.043245 [debug] [MainThread]: Command `dbt seed` failed at 19:37:31.043245 after 0.27 seconds
[0m19:37:31.043245 [debug] [MainThread]: Sending event: {'category': 'dbt', 'action': 'invocation', 'label': 'end', 'context': [<snowplow_tracker.self_describing_json.SelfDescribingJson object at 0x0000027F4F69F560>, <snowplow_tracker.self_describing_json.SelfDescribingJson object at 0x0000027F4D322ED0>, <snowplow_tracker.self_describing_json.SelfDescribingJson object at 0x0000027F4F633A10>]}
[0m19:37:31.043245 [debug] [MainThread]: Flushing usage events
[0m19:37:31.738456 [debug] [MainThread]: An error was encountered while trying to flush usage events
[0m19:41:31.280352 [debug] [MainThread]: Sending event: {'category': 'dbt', 'action': 'invocation', 'label': 'start', 'context': [<snowplow_tracker.self_describing_json.SelfDescribingJson object at 0x000001F7059E94F0>, <snowplow_tracker.self_describing_json.SelfDescribingJson object at 0x000001F702940F20>, <snowplow_tracker.self_describing_json.SelfDescribingJson object at 0x000001F705A3FC20>]}


============================== 19:41:31.280352 | ad610231-ba01-4619-a1a7-23eecb1826ac ==============================
[0m19:41:31.280352 [info ] [MainThread]: Running with dbt=1.11.11
[0m19:41:31.280352 [debug] [MainThread]: running dbt with arguments {'static_parser': 'True', 'no_print': 'None', 'version_check': 'True', 'warn_error_options': 'WarnErrorOptionsV2(error=[], warn=[], silence=[])', 'target_path': 'None', 'printer_width': '80', 'write_json': 'True', 'empty': 'None', 'log_cache_events': 'False', 'introspect': 'True', 'cache_selected_only': 'False', 'fail_fast': 'False', 'debug': 'False', 'log_format': 'default', 'partial_parse': 'True', 'send_anonymous_usage_stats': 'True', 'quiet': 'False', 'warn_error': 'None', 'profiles_dir': 'C:\\Users\\pc\\.dbt', 'use_colors': 'True', 'indirect_selection': 'eager', 'invocation_command': 'dbt deps', 'use_experimental_parser': 'False', 'log_path': 'logs'}
[0m19:41:31.280352 [error] [MainThread]: Encountered an error:
Runtime Error
  No dbt_project.yml found at expected path C:\Users\pc\Documents\usgs-earthquake-pipeline-v2\dbt_project.yml
  Verify that each entry within packages.yml (and their transitive dependencies) contains a file named dbt_project.yml
  
[0m19:41:31.280352 [debug] [MainThread]: Command `dbt deps` failed at 19:41:31.280352 after 0.23 seconds
[0m19:41:31.280352 [debug] [MainThread]: Sending event: {'category': 'dbt', 'action': 'invocation', 'label': 'end', 'context': [<snowplow_tracker.self_describing_json.SelfDescribingJson object at 0x000001F706126F00>, <snowplow_tracker.self_describing_json.SelfDescribingJson object at 0x000001F706923950>, <snowplow_tracker.self_describing_json.SelfDescribingJson object at 0x000001F70698F050>]}
[0m19:41:31.280352 [debug] [MainThread]: Flushing usage events
[0m19:41:31.825272 [debug] [MainThread]: An error was encountered while trying to flush usage events
[0m19:54:33.925016 [debug] [MainThread]: Sending event: {'category': 'dbt', 'action': 'invocation', 'label': 'start', 'context': [<snowplow_tracker.self_describing_json.SelfDescribingJson object at 0x000001E50DEFED20>, <snowplow_tracker.self_describing_json.SelfDescribingJson object at 0x000001E50E2C1EB0>, <snowplow_tracker.self_describing_json.SelfDescribingJson object at 0x000001E50E3D1550>]}


============================== 19:54:33.931013 | 70ec66af-c8fe-4ce3-9827-d4cd7ed616a1 ==============================
[0m19:54:33.931013 [info ] [MainThread]: Running with dbt=1.11.11
[0m19:54:33.932013 [debug] [MainThread]: running dbt with arguments {'static_parser': 'True', 'no_print': 'None', 'version_check': 'True', 'warn_error_options': 'WarnErrorOptionsV2(error=[], warn=[], silence=[])', 'target_path': 'None', 'printer_width': '80', 'write_json': 'True', 'empty': 'None', 'log_cache_events': 'False', 'introspect': 'True', 'cache_selected_only': 'False', 'fail_fast': 'False', 'debug': 'False', 'log_format': 'default', 'profiles_dir': 'C:\\Users\\pc\\.dbt', 'send_anonymous_usage_stats': 'True', 'quiet': 'False', 'warn_error': 'None', 'partial_parse': 'True', 'invocation_command': 'dbt debug', 'indirect_selection': 'eager', 'use_colors': 'True', 'use_experimental_parser': 'False', 'log_path': 'logs'}
[0m19:54:33.988013 [info ] [MainThread]: dbt version: 1.11.11
[0m19:54:33.989013 [info ] [MainThread]: python version: 3.12.13
[0m19:54:33.989013 [info ] [MainThread]: python path: C:\Users\pc\Documents\usgs-earthquake-pipeline-v2\.venv\Scripts\python.exe
[0m19:54:33.990013 [info ] [MainThread]: os info: Windows-10-10.0.19045-SP0
[0m19:54:35.677012 [info ] [MainThread]: Using profiles dir at C:\Users\pc\.dbt
[0m19:54:35.678013 [info ] [MainThread]: Using profiles.yml file at C:\Users\pc\.dbt\profiles.yml
[0m19:54:35.679013 [info ] [MainThread]: Using dbt_project.yml file at C:\Users\pc\Documents\usgs-earthquake-pipeline-v2\dbt_project.yml
[0m19:54:35.679013 [info ] [MainThread]: adapter type: bigquery
[0m19:54:35.680013 [info ] [MainThread]: adapter version: 1.11.1
[0m19:54:35.681012 [info ] [MainThread]: Configuration:
[0m19:54:35.681012 [info ] [MainThread]:   profiles.yml file [[32mOK found and valid[0m]
[0m19:54:35.682013 [info ] [MainThread]:   dbt_project.yml file [[31mERROR not found[0m]
[0m19:54:35.683022 [info ] [MainThread]: Required dependencies:
[0m19:54:35.683022 [debug] [MainThread]: Executing "git --help"
[0m19:54:35.745013 [debug] [MainThread]: STDOUT: "b"usage: git [-v | --version] [-h | --help] [-C <path>] [-c <name>=<value>]\n           [--exec-path[=<path>]] [--html-path] [--man-path] [--info-path]\n           [-p | --paginate | -P | --no-pager] [--no-replace-objects] [--no-lazy-fetch]\n           [--no-optional-locks] [--no-advice] [--bare] [--git-dir=<path>]\n           [--work-tree=<path>] [--namespace=<name>] [--config-env=<name>=<envvar>]\n           <command> [<args>]\n\nThese are common Git commands used in various situations:\n\nstart a working area (see also: git help tutorial)\n   clone      Clone a repository into a new directory\n   init       Create an empty Git repository or reinitialize an existing one\n\nwork on the current change (see also: git help everyday)\n   add        Add file contents to the index\n   mv         Move or rename a file, a directory, or a symlink\n   restore    Restore working tree files\n   rm         Remove files from the working tree and from the index\n\nexamine the history and state (see also: git help revisions)\n   bisect     Use binary search to find the commit that introduced a bug\n   diff       Show changes between commits, commit and working tree, etc\n   grep       Print lines matching a pattern\n   log        Show commit logs\n   show       Show various types of objects\n   status     Show the working tree status\n\ngrow, mark and tweak your common history\n   backfill   Download missing objects in a partial clone\n   branch     List, create, or delete branches\n   commit     Record changes to the repository\n   merge      Join two or more development histories together\n   rebase     Reapply commits on top of another base tip\n   reset      Set `HEAD` or the index to a known state\n   switch     Switch branches\n   tag        Create, list, delete or verify tags\n\ncollaborate (see also: git help workflows)\n   fetch      Download objects and refs from another repository\n   pull       Fetch from and integrate with another repository or a local branch\n   push       Update remote refs along with associated objects\n\n'git help -a' and 'git help -g' list available subcommands and some\nconcept guides. See 'git help <command>' or 'git help <concept>'\nto read about a specific subcommand or concept.\nSee 'git help git' for an overview of the system.\n""
[0m19:54:35.746016 [debug] [MainThread]: STDERR: "b''"
[0m19:54:35.746016 [info ] [MainThread]:  - git [[32mOK found[0m]

[0m19:54:35.747013 [info ] [MainThread]: Connection:
[0m19:54:35.748012 [info ] [MainThread]:   method: service-account
[0m19:54:35.748012 [info ] [MainThread]:   database: gen-lang-client-0714034626
[0m19:54:35.749026 [info ] [MainThread]:   execution_project: gen-lang-client-0714034626
[0m19:54:35.750013 [info ] [MainThread]:   schema: gold
[0m19:54:35.750013 [info ] [MainThread]:   location: US
[0m19:54:35.751013 [info ] [MainThread]:   priority: interactive
[0m19:54:35.752012 [info ] [MainThread]:   maximum_bytes_billed: None
[0m19:54:35.752012 [info ] [MainThread]:   impersonate_service_account: None
[0m19:54:35.753013 [info ] [MainThread]:   job_retry_deadline_seconds: None
[0m19:54:35.754014 [info ] [MainThread]:   job_retries: 1
[0m19:54:35.755014 [info ] [MainThread]:   job_creation_timeout_seconds: None
[0m19:54:35.756048 [info ] [MainThread]:   job_execution_timeout_seconds: 300
[0m19:54:35.756048 [info ] [MainThread]:   timeout_seconds: 300
[0m19:54:35.757015 [info ] [MainThread]:   client_id: None
[0m19:54:35.758013 [info ] [MainThread]:   token_uri: None
[0m19:54:35.758013 [info ] [MainThread]:   compute_region: None
[0m19:54:35.759014 [info ] [MainThread]:   dataproc_cluster_name: None
[0m19:54:35.760013 [info ] [MainThread]:   gcs_bucket: None
[0m19:54:35.760013 [info ] [MainThread]:   dataproc_batch: None
[0m19:54:35.763016 [info ] [MainThread]: Registered adapter: bigquery=1.11.1
[0m19:54:36.708832 [debug] [MainThread]: Acquiring new bigquery connection 'debug'
[0m19:54:36.709832 [debug] [MainThread]: On debug: select 1 as id
[0m19:54:36.709832 [debug] [MainThread]: Opening a new connection, currently in state init
[0m19:54:38.185081 [debug] [MainThread]: BigQuery adapter: https://console.cloud.google.com/bigquery?project=gen-lang-client-0714034626&j=bq:US:e3d19287-79e9-47fd-b854-3c83a2ec6410&page=queryresults
[0m19:54:38.509104 [debug] [MainThread]: SQL status: OK in 0.324 seconds
[0m19:54:42.249308 [info ] [MainThread]:   Connection test: [[32mOK connection ok[0m]

[0m19:54:42.251312 [info ] [MainThread]: [31m1 check failed:[0m
[0m19:54:42.253313 [info ] [MainThread]: Project loading failed for the following reason:
 project path <C:\Users\pc\Documents\usgs-earthquake-pipeline-v2\dbt_project.yml> not found

[0m19:54:42.258312 [debug] [MainThread]: Command `dbt debug` failed at 19:54:42.257310 after 8.59 seconds
[0m19:54:42.259307 [debug] [MainThread]: Connection 'debug' was properly closed.
[0m19:54:42.260307 [debug] [MainThread]: Sending event: {'category': 'dbt', 'action': 'invocation', 'label': 'end', 'context': [<snowplow_tracker.self_describing_json.SelfDescribingJson object at 0x000001E50E2EEFF0>, <snowplow_tracker.self_describing_json.SelfDescribingJson object at 0x000001E50ADD8620>, <snowplow_tracker.self_describing_json.SelfDescribingJson object at 0x000001E50E521100>]}
[0m19:54:42.261307 [debug] [MainThread]: Flushing usage events
[0m19:54:42.845406 [debug] [MainThread]: An error was encountered while trying to flush usage events
